Sun Dec 16 2018 14:02:40 GMT+0200 (Eastern European Standard Time): GET /
Sun Dec 16 2018 14:02:43 GMT+0200 (Eastern European Standard Time): GET /about
Sun Dec 16 2018 14:02:43 GMT+0200 (Eastern European Standard Time): GET /
Sun Dec 16 2018 14:02:44 GMT+0200 (Eastern European Standard Time): GET /about
Sun Dec 16 2018 14:03:02 GMT+0200 (Eastern European Standard Time): GET /about
Sun Dec 16 2018 14:07:22 GMT+0200 (Eastern European Standard Time): GET /about
Sun Dec 16 2018 14:08:04 GMT+0200 (Eastern European Standard Time): GET /about
Sun Dec 16 2018 14:08:07 GMT+0200 (Eastern European Standard Time): GET /about
Sun Dec 16 2018 14:08:07 GMT+0200 (Eastern European Standard Time): GET /
Sun Dec 16 2018 14:08:33 GMT+0200 (Eastern European Standard Time): GET /
Sun Dec 16 2018 14:10:22 GMT+0200 (Eastern European Standard Time): GET /
Sun Dec 16 2018 14:10:23 GMT+0200 (Eastern European Standard Time): GET /
Sun Dec 16 2018 14:10:23 GMT+0200 (Eastern European Standard Time): GET /
Sun Dec 16 2018 14:10:25 GMT+0200 (Eastern European Standard Time): GET /
Sun Dec 16 2018 14:10:25 GMT+0200 (Eastern European Standard Time): GET /about
Sun Dec 16 2018 14:10:26 GMT+0200 (Eastern European Standard Time): GET /
Sun Dec 16 2018 14:10:27 GMT+0200 (Eastern European Standard Time): GET /about
Mon Dec 17 2018 19:44:55 GMT+0200 (Eastern European Standard Time): GET /
Mon Dec 17 2018 19:44:57 GMT+0200 (Eastern European Standard Time): GET /project
Mon Dec 17 2018 19:44:57 GMT+0200 (Eastern European Standard Time): GET /favicon.ico
Mon Dec 17 2018 19:44:58 GMT+0200 (Eastern European Standard Time): GET /project
Mon Dec 17 2018 19:44:59 GMT+0200 (Eastern European Standard Time): GET /project
Mon Dec 17 2018 19:44:59 GMT+0200 (Eastern European Standard Time): GET /project
Mon Dec 17 2018 19:44:59 GMT+0200 (Eastern European Standard Time): GET /project
Mon Dec 17 2018 19:46:26 GMT+0200 (Eastern European Standard Time): GET /project
Mon Dec 17 2018 19:46:27 GMT+0200 (Eastern European Standard Time): GET /
Mon Dec 17 2018 19:46:28 GMT+0200 (Eastern European Standard Time): GET /about
Mon Dec 17 2018 19:46:29 GMT+0200 (Eastern European Standard Time): GET /project
Mon Dec 17 2018 19:46:30 GMT+0200 (Eastern European Standard Time): GET /
Mon Dec 17 2018 19:46:31 GMT+0200 (Eastern European Standard Time): GET /about
Mon Dec 17 2018 19:46:31 GMT+0200 (Eastern European Standard Time): GET /project
